  Level.cpp
C:\Users\Siliconium\OneDrive\Pulpit\Projects\303 Prototype\303_PROTOTYPE_SERVER\CMP105App\NetworkServerManager.h(14,14): warning C4305: 'initializing': truncation from 'int' to 'const short'
C:\Users\Siliconium\OneDrive\Pulpit\Projects\303 Prototype\303_PROTOTYPE_SERVER\CMP105App\NetworkServerManager.h(14,21): warning C4309: 'initializing': truncation of constant value
C:\Users\Siliconium\OneDrive\Pulpit\Projects\303 Prototype\303_PROTOTYPE_SERVER\CMP105App\Level.cpp(35,53): warning C4244: 'argument': conversion from 'int' to 'float', possible loss of data
C:\Users\Siliconium\OneDrive\Pulpit\Projects\303 Prototype\303_PROTOTYPE_SERVER\CMP105App\Level.cpp(35,43): warning C4244: 'argument': conversion from 'int' to 'float', possible loss of data
C:\Users\Siliconium\OneDrive\Pulpit\Projects\303 Prototype\303_PROTOTYPE_SERVER\CMP105App\Level.cpp(103,113): warning C4244: '=': conversion from 'double' to 'T', possible loss of data
          with
          [
              T=float
          ]
C:\Users\Siliconium\OneDrive\Pulpit\Projects\303 Prototype\303_PROTOTYPE_SERVER\CMP105App\Level.cpp(104,113): warning C4244: '=': conversion from 'double' to 'T', possible loss of data
          with
          [
              T=float
          ]
C:\Users\Siliconium\OneDrive\Pulpit\Projects\303 Prototype\303_PROTOTYPE_SERVER\CMP105App\Level.cpp(269,45): warning C4244: '=': conversion from 'const T' to 'int', possible loss of data
          with
          [
              T=float
          ]
C:\Users\Siliconium\OneDrive\Pulpit\Projects\303 Prototype\303_PROTOTYPE_SERVER\CMP105App\Level.cpp(270,45): warning C4244: '=': conversion from 'const T' to 'int', possible loss of data
          with
          [
              T=float
          ]
C:\Users\Siliconium\OneDrive\Pulpit\Projects\303 Prototype\303_PROTOTYPE_SERVER\CMP105App\Level.cpp(271,41): warning C4244: '=': conversion from 'const T' to 'int', possible loss of data
          with
          [
              T=float
          ]
C:\Users\Siliconium\OneDrive\Pulpit\Projects\303 Prototype\303_PROTOTYPE_SERVER\CMP105App\Level.cpp(272,41): warning C4244: '=': conversion from 'const T' to 'int', possible loss of data
          with
          [
              T=float
          ]
C:\Users\Siliconium\OneDrive\Pulpit\Projects\303 Prototype\303_PROTOTYPE_SERVER\CMP105App\Level.cpp(273,41): warning C4244: '=': conversion from 'const T' to 'int', possible loss of data
          with
          [
              T=float
          ]
C:\Users\Siliconium\OneDrive\Pulpit\Projects\303 Prototype\303_PROTOTYPE_SERVER\CMP105App\Level.cpp(274,41): warning C4244: '=': conversion from 'const T' to 'int', possible loss of data
          with
          [
              T=float
          ]
C:\Users\Siliconium\OneDrive\Pulpit\Projects\303 Prototype\303_PROTOTYPE_SERVER\CMP105App\Level.cpp(275,41): warning C4244: '=': conversion from 'const T' to 'int', possible loss of data
          with
          [
              T=float
          ]
C:\Users\Siliconium\OneDrive\Pulpit\Projects\303 Prototype\303_PROTOTYPE_SERVER\CMP105App\Level.cpp(276,41): warning C4244: '=': conversion from 'const T' to 'int', possible loss of data
          with
          [
              T=float
          ]
C:\Users\Siliconium\OneDrive\Pulpit\Projects\303 Prototype\303_PROTOTYPE_SERVER\CMP105App\Level.cpp(277,41): warning C4244: '=': conversion from 'const T' to 'int', possible loss of data
          with
          [
              T=float
          ]
C:\Users\Siliconium\OneDrive\Pulpit\Projects\303 Prototype\303_PROTOTYPE_SERVER\CMP105App\Level.cpp(278,41): warning C4244: '=': conversion from 'const T' to 'int', possible loss of data
          with
          [
              T=float
          ]
C:\Users\Siliconium\OneDrive\Pulpit\Projects\303 Prototype\303_PROTOTYPE_SERVER\CMP105App\Level.cpp(316,17): warning C4244: 'initializing': conversion from 'double' to 'float', possible loss of data
  Main.cpp
C:\Users\Siliconium\OneDrive\Pulpit\Projects\303 Prototype\303_PROTOTYPE_SERVER\CMP105App\NetworkServerManager.h(14,14): warning C4305: 'initializing': truncation from 'int' to 'const short'
C:\Users\Siliconium\OneDrive\Pulpit\Projects\303 Prototype\303_PROTOTYPE_SERVER\CMP105App\NetworkServerManager.h(14,21): warning C4309: 'initializing': truncation of constant value
  Generating code
  Previous IPDB and IOBJ mismatch, fall back to full compilation.
  All 222 functions were compiled because no usable IPDB/IOBJ from previous compilation was found.
  Finished generating code
  CMP105App.vcxproj -> C:\Users\Siliconium\OneDrive\Pulpit\Projects\303 Prototype\303_PROTOTYPE_SERVER\x64\Release\303_PROTOTYPE_SERVER.exe
